<?xml version="1.0" encoding="UTF-8"?>
<!-- Generated by org.testng.reporters.JUnitReportReporter -->
<testsuite hostname="BBL8P644F3" failures="0" tests="1" name="apiTest.Get" time="2.675" errors="0" timestamp="2022-09-22T02:39:50 EDT" skipped="0">
  <testcase classname="apiTest.Get" name="GetCall" time="2.675"/>
  <system-out/>
</testsuite> <!-- apiTest.Get -->
