<?xml version="1.0" encoding="UTF-8"?>
<!-- Generated by org.testng.reporters.JUnitReportReporter -->
<testsuite hostname="BBL8P644F3" failures="0" tests="1" name="apiTest.Get" time="1.797" errors="0" timestamp="2022-09-22T15:24:06 EDT" skipped="0">
  <testcase classname="apiTest.Get" name="GetCall2" time="1.797"/>
  <system-out/>
</testsuite> <!-- apiTest.Get -->
